<?xml version="1.0" encoding="UTF-8"?>
<testsuite name="SendEmailWithoutLoginWithCaptcha" failures="1" tests="1" time="180.029" errors="0">
  <properties/>
  <testcase name="test_SendEmailWithoutLoginToMultipleAddresses" time="179.857" classname="com.sharethis.QAAutomation.OAuth.Email.SendEmailWithoutLoginWithCaptcha">
    <failure type="com.thoughtworks.selenium.SeleniumException" message="ERROR: Element css=span[class*=&apos;st_sharethis&apos;] span.stButton not found">
      <![CDATA[com.thoughtworks.selenium.SeleniumException: ERROR: Element css=span[class*='st_sharethis'] span.stButton not found
	at com.thoughtworks.selenium.HttpCommandProcessor.throwAssertionFailureExceptionOrError(HttpCommandProcessor.java:97)
	at com.thoughtworks.selenium.HttpCommandProcessor.doCommand(HttpCommandProcessor.java:91)
	at com.thoughtworks.selenium.DefaultSelenium.focus(DefaultSelenium.java:195)
	at com.sharethis.QAAutomation.commonlib.STCommonLibrary.stClickAndVerify(STCommonLibrary.java:96)
	at com.sharethis.QAAutomation.commonlib.STLaunchBrowser.stLaunchOauthWidget(STLaunchBrowser.java:206)
	at com.sharethis.QAAutomation.OAuth.Email.SendEmailWithoutLoginWithCaptcha.test_SendEmailWithoutLoginToMultipleAddresses(SendEmailWithoutLoginWithCaptcha.java:35)
... Removed 22 stack frames]]>
    </failure>
  </testcase>
</testsuite>
